<html>
<head>
<title>TestNG:  Default test</title>
<link href="../testng.css" rel="stylesheet" type="text/css" />
<link href="../my-testng.css" rel="stylesheet" type="text/css" />

<style type="text/css">
.log { display: none;} 
.stack-trace { display: none;} 
</style>
<script type="text/javascript">
<!--
function flip(e) {
  current = e.style.display;
  if (current == 'block') {
    e.style.display = 'none';
    return 0;
  }
  else {
    e.style.display = 'block';
    return 1;
  }
}

function toggleBox(szDivId, elem, msg1, msg2)
{
  var res = -1;  if (document.getElementById) {
    res = flip(document.getElementById(szDivId));
  }
  else if (document.all) {
    // this is the way old msie versions work
    res = flip(document.all[szDivId]);
  }
  if(elem) {
    if(res == 0) elem.innerHTML = msg1; else elem.innerHTML = msg2;
  }

}

function toggleAllBoxes() {
  if (document.getElementsByTagName) {
    d = document.getElementsByTagName('div');
    for (i = 0; i < d.length; i++) {
      if (d[i].className == 'log') {
        flip(d[i]);
      }
    }
  }
}

// -->
</script>

</head>
<body>
<h2 align='center'>Default test</h2><table border='1' align="center">
<tr>
<td>Tests passed/Failed/Skipped:</td><td>19/2/0</td>
</tr><tr>
<td>Started on:</td><td>Mon Aug 28 14:39:11 IST 2023</td>
</tr>
<tr><td>Total time:</td><td>723 seconds (723232 ms)</td>
</tr><tr>
<td>Included groups:</td><td></td>
</tr><tr>
<td>Excluded groups:</td><td></td>
</tr>
</table><p/>
<small><i>(Hover the method name to see the test class name)</i></small><p/>
<table width='100%' border='1' class='invocation-failed'>
<tr><td colspan='4' align='center'><b>FAILED TESTS</b></td></tr>
<tr><td><b>Test method</b></td>
<td width="30%"><b>Exception</b></td>
<td width="10%"><b>Time (seconds)</b></td>
<td><b>Instance</b></td>
</tr>
<tr>
<td title='com.testRunnersTestNG.TestNGTestRunner.runScenario()'><b>runScenario</b><br>Test class: com.testRunnersTestNG.TestNGTestRunner<br>Test method: Runs Cucumber Scenarios<br>Parameters: "Validate that sign in button functionality in executive user log in page", "Optional[Validate executive log in page functionality]"</td>
<td><div><pre>org.openqa.selenium.NoSuchElementException: no such element: Unable to locate element: {&quot;method&quot;:&quot;xpath&quot;,&quot;selector&quot;:&quot;//*[@class=&apos;form-control  form-control is-invalid&apos; and @id=&apos;formEmail&apos;]&quot;}
  (Session info: chrome=116.0.5845.111)
For documentation on this error, please visit: https://www.selenium.dev/documentation/webdriver/troubleshooting/errors#no-such-element-exception
Build info: version: &apos;4.11.0&apos;, revision: &apos;040bc5406b&apos;
System info: os.name: &apos;Windows 10&apos;, os.arch: &apos;amd64&apos;, os.version: &apos;10.0&apos;, java.version: &apos;11.0.18&apos;
Driver info: org.openqa.selenium.chrome.ChromeDriver
Command: [41d63de400b924d7bdb0791e2b51ce7e, findElement {using=xpath, value=//*[@class=&apos;form-control  form-control is-invalid&apos; and @id=&apos;formEmail&apos;]}]
Capabilities {acceptInsecureCerts: false, browserName: chrome, browserVersion: 116.0.5845.111, chrome: {chromedriverVersion: 116.0.5845.96 (1a3918166880..., userDataDir: C:\Users\Kishor\AppData\Loc...}, fedcm:accounts: true, goog:chromeOptions: {debuggerAddress: localhost:54554}, networkConnectionEnabled: false, pageLoadStrategy: normal, platformName: windows, proxy: Proxy(), se:cdp: ws://localhost:54554/devtoo..., se:cdpVersion: 116.0.5845.111, setWindowRect: true, strictFileInteractability: false, timeouts: {implicit: 0, pageLoad: 300000, script: 30000}, unhandledPromptBehavior: dismiss and notify, webauthn:extension:credBlob: true, webauthn:extension:largeBlob: true, webauthn:extension:minPinLength: true, webauthn:extension:prf: true, webauthn:virtualAuthenticators: true}
Session ID: 41d63de400b924d7bdb0791e2b51ce7e
	at java.base/jdk.internal.reflect.NativeConstructorAccessorImpl.newInstance0(Native Method)
	at java.base/jdk.internal.reflect.NativeConstructorAccessorImpl.newInstance(NativeConstructorAccessorImpl.java:62)
	at java.base/jdk.internal.reflect.DelegatingConstructorAccessorImpl.newInstance(DelegatingConstructorAccessorImpl.java:45)
	at java.base/java.lang.reflect.Constructor.newInstance(Constructor.java:490)
	at org.openqa.selenium.remote.codec.w3c.W3CHttpResponseCodec.createException(W3CHttpResponseCodec.java:200)
	at org.openqa.selenium.remote.codec.w3c.W3CHttpResponseCodec.decode(W3CHttpResponseCodec.java:133)
	at org.openqa.selenium.remote.codec.w3c.W3CHttpResponseCodec.decode(W3CHttpResponseCodec.java:52)
	at org.openqa.selenium.remote.HttpCommandExecutor.execute(HttpCommandExecutor.java:191)
	at org.openqa.selenium.remote.service.DriverCommandExecutor.invokeExecute(DriverCommandExecutor.java:196)
	at org.openqa.selenium.remote.service.DriverCommandExecutor.execute(DriverCommandExecutor.java:171)
	at org.openqa.selenium.remote.RemoteWebDriver.execute(RemoteWebDriver.java:518)
	at org.openqa.selenium.remote.ElementLocation$ElementFinder$2.findElement(ElementLocation.java:165)
	at org.openqa.selenium.remote.ElementLocation.findElement(ElementLocation.java:59)
	at org.openqa.selenium.remote.RemoteWebDriver.findElement(RemoteWebDriver.java:355)
	at org.openqa.selenium.remote.RemoteWebDriver.findElement(RemoteWebDriver.java:349)
	at org.openqa.selenium.support.pagefactory.DefaultElementLocator.findElement(DefaultElementLocator.java:68)
	at org.openqa.selenium.support.pagefactory.internal.LocatingElementHandler.invoke(LocatingElementHandler.java:38)
	at com.sun.proxy.$Proxy47.isDisplayed(Unknown Source)
	at com.pages.Administrator_log_in_page_objects.administrator_log_in_red_tick_in_email_user_field_is_displayed(Administrator_log_in_page_objects.java:141)
	at stepDefinitions.executive.D001_executive_log_in_page.verify_that_super_executive_user_should_get_the_expected_red_tick_in_email_user_field(D001_executive_log_in_page.java:293)
	at ?.Verify that executive user should get the expected red tick in email user field in executive log in page(file:///E:/Shield_UI_project/src/test/resources/features/D_Executive/D001_executive_log_in_page.feature:167)
</pre></div><a href='#' onClick='toggleBox("stack-trace1619951174", this, "Click to show all stack frames", "Click to hide stack frames")'>Click to show all stack frames</a>
<div class='stack-trace' id='stack-trace1619951174'><pre>org.openqa.selenium.NoSuchElementException: no such element: Unable to locate element: {&quot;method&quot;:&quot;xpath&quot;,&quot;selector&quot;:&quot;//*[@class=&apos;form-control  form-control is-invalid&apos; and @id=&apos;formEmail&apos;]&quot;}
  (Session info: chrome=116.0.5845.111)
For documentation on this error, please visit: https://www.selenium.dev/documentation/webdriver/troubleshooting/errors#no-such-element-exception
Build info: version: &apos;4.11.0&apos;, revision: &apos;040bc5406b&apos;
System info: os.name: &apos;Windows 10&apos;, os.arch: &apos;amd64&apos;, os.version: &apos;10.0&apos;, java.version: &apos;11.0.18&apos;
Driver info: org.openqa.selenium.chrome.ChromeDriver
Command: [41d63de400b924d7bdb0791e2b51ce7e, findElement {using=xpath, value=//*[@class=&apos;form-control  form-control is-invalid&apos; and @id=&apos;formEmail&apos;]}]
Capabilities {acceptInsecureCerts: false, browserName: chrome, browserVersion: 116.0.5845.111, chrome: {chromedriverVersion: 116.0.5845.96 (1a3918166880..., userDataDir: C:\Users\Kishor\AppData\Loc...}, fedcm:accounts: true, goog:chromeOptions: {debuggerAddress: localhost:54554}, networkConnectionEnabled: false, pageLoadStrategy: normal, platformName: windows, proxy: Proxy(), se:cdp: ws://localhost:54554/devtoo..., se:cdpVersion: 116.0.5845.111, setWindowRect: true, strictFileInteractability: false, timeouts: {implicit: 0, pageLoad: 300000, script: 30000}, unhandledPromptBehavior: dismiss and notify, webauthn:extension:credBlob: true, webauthn:extension:largeBlob: true, webauthn:extension:minPinLength: true, webauthn:extension:prf: true, webauthn:virtualAuthenticators: true}
Session ID: 41d63de400b924d7bdb0791e2b51ce7e
	at java.base/jdk.internal.reflect.NativeConstructorAccessorImpl.newInstance0(Native Method)
	at java.base/jdk.internal.reflect.NativeConstructorAccessorImpl.newInstance(NativeConstructorAccessorImpl.java:62)
	at java.base/jdk.internal.reflect.DelegatingConstructorAccessorImpl.newInstance(DelegatingConstructorAccessorImpl.java:45)
	at java.base/java.lang.reflect.Constructor.newInstance(Constructor.java:490)
	at org.openqa.selenium.remote.codec.w3c.W3CHttpResponseCodec.createException(W3CHttpResponseCodec.java:200)
	at org.openqa.selenium.remote.codec.w3c.W3CHttpResponseCodec.decode(W3CHttpResponseCodec.java:133)
	at org.openqa.selenium.remote.codec.w3c.W3CHttpResponseCodec.decode(W3CHttpResponseCodec.java:52)
	at org.openqa.selenium.remote.HttpCommandExecutor.execute(HttpCommandExecutor.java:191)
	at org.openqa.selenium.remote.service.DriverCommandExecutor.invokeExecute(DriverCommandExecutor.java:196)
	at org.openqa.selenium.remote.service.DriverCommandExecutor.execute(DriverCommandExecutor.java:171)
	at org.openqa.selenium.remote.RemoteWebDriver.execute(RemoteWebDriver.java:518)
	at org.openqa.selenium.remote.ElementLocation$ElementFinder$2.findElement(ElementLocation.java:165)
	at org.openqa.selenium.remote.ElementLocation.findElement(ElementLocation.java:59)
	at org.openqa.selenium.remote.RemoteWebDriver.findElement(RemoteWebDriver.java:355)
	at org.openqa.selenium.remote.RemoteWebDriver.findElement(RemoteWebDriver.java:349)
	at org.openqa.selenium.support.pagefactory.DefaultElementLocator.findElement(DefaultElementLocator.java:68)
	at org.openqa.selenium.support.pagefactory.internal.LocatingElementHandler.invoke(LocatingElementHandler.java:38)
	at com.sun.proxy.$Proxy47.isDisplayed(Unknown Source)
	at com.pages.Administrator_log_in_page_objects.administrator_log_in_red_tick_in_email_user_field_is_displayed(Administrator_log_in_page_objects.java:141)
	at stepDefinitions.executive.D001_executive_log_in_page.verify_that_super_executive_user_should_get_the_expected_red_tick_in_email_user_field(D001_executive_log_in_page.java:293)
	at ?.Verify that executive user should get the expected red tick in email user field in executive log in page(file:///E:/Shield_UI_project/src/test/resources/features/D_Executive/D001_executive_log_in_page.feature:167)
</pre></div></td>
<td>144</td>
<td>com.testRunnersTestNG.TestNGTestRunner@37313c65</td></tr>
<tr>
<td title='com.testRunnersTestNG.TestNGTestRunner.runScenario()'><b>runScenario</b><br>Test class: com.testRunnersTestNG.TestNGTestRunner<br>Test method: Runs Cucumber Scenarios<br>Parameters: "Validate password user field in executive log in page", "Optional[Validate executive log in page functionality]"</td>
<td><div><pre>org.openqa.selenium.NoSuchElementException: no such element: Unable to locate element: {&quot;method&quot;:&quot;xpath&quot;,&quot;selector&quot;:&quot;//*[@class=&apos;form-control  form-control is-valid&apos; and @id=&apos;formpassword&apos;]&quot;}
  (Session info: chrome=116.0.5845.111)
For documentation on this error, please visit: https://www.selenium.dev/documentation/webdriver/troubleshooting/errors#no-such-element-exception
Build info: version: &apos;4.11.0&apos;, revision: &apos;040bc5406b&apos;
System info: os.name: &apos;Windows 10&apos;, os.arch: &apos;amd64&apos;, os.version: &apos;10.0&apos;, java.version: &apos;11.0.18&apos;
Driver info: org.openqa.selenium.chrome.ChromeDriver
Command: [f50364c40fe2bf3dc69a08b8b259fe68, findElement {using=xpath, value=//*[@class=&apos;form-control  form-control is-valid&apos; and @id=&apos;formpassword&apos;]}]
Capabilities {acceptInsecureCerts: false, browserName: chrome, browserVersion: 116.0.5845.111, chrome: {chromedriverVersion: 116.0.5845.96 (1a3918166880..., userDataDir: C:\Users\Kishor\AppData\Loc...}, fedcm:accounts: true, goog:chromeOptions: {debuggerAddress: localhost:54507}, networkConnectionEnabled: false, pageLoadStrategy: normal, platformName: windows, proxy: Proxy(), se:cdp: ws://localhost:54507/devtoo..., se:cdpVersion: 116.0.5845.111, setWindowRect: true, strictFileInteractability: false, timeouts: {implicit: 0, pageLoad: 300000, script: 30000}, unhandledPromptBehavior: dismiss and notify, webauthn:extension:credBlob: true, webauthn:extension:largeBlob: true, webauthn:extension:minPinLength: true, webauthn:extension:prf: true, webauthn:virtualAuthenticators: true}
Session ID: f50364c40fe2bf3dc69a08b8b259fe68
	at java.base/jdk.internal.reflect.NativeConstructorAccessorImpl.newInstance0(Native Method)
	at java.base/jdk.internal.reflect.NativeConstructorAccessorImpl.newInstance(NativeConstructorAccessorImpl.java:62)
	at java.base/jdk.internal.reflect.DelegatingConstructorAccessorImpl.newInstance(DelegatingConstructorAccessorImpl.java:45)
	at java.base/java.lang.reflect.Constructor.newInstance(Constructor.java:490)
	at org.openqa.selenium.remote.codec.w3c.W3CHttpResponseCodec.createException(W3CHttpResponseCodec.java:200)
	at org.openqa.selenium.remote.codec.w3c.W3CHttpResponseCodec.decode(W3CHttpResponseCodec.java:133)
	at org.openqa.selenium.remote.codec.w3c.W3CHttpResponseCodec.decode(W3CHttpResponseCodec.java:52)
	at org.openqa.selenium.remote.HttpCommandExecutor.execute(HttpCommandExecutor.java:191)
	at org.openqa.selenium.remote.service.DriverCommandExecutor.invokeExecute(DriverCommandExecutor.java:196)
	at org.openqa.selenium.remote.service.DriverCommandExecutor.execute(DriverCommandExecutor.java:171)
	at org.openqa.selenium.remote.RemoteWebDriver.execute(RemoteWebDriver.java:518)
	at org.openqa.selenium.remote.ElementLocation$ElementFinder$2.findElement(ElementLocation.java:165)
	at org.openqa.selenium.remote.ElementLocation.findElement(ElementLocation.java:59)
	at org.openqa.selenium.remote.RemoteWebDriver.findElement(RemoteWebDriver.java:355)
	at org.openqa.selenium.remote.RemoteWebDriver.findElement(RemoteWebDriver.java:349)
	at org.openqa.selenium.support.pagefactory.DefaultElementLocator.findElement(DefaultElementLocator.java:68)
	at org.openqa.selenium.support.pagefactory.internal.LocatingElementHandler.invoke(LocatingElementHandler.java:38)
	at com.sun.proxy.$Proxy47.isDisplayed(Unknown Source)
	at com.pages.Administrator_log_in_page_objects.administrator_log_in_green_tick_in_password_user_field_is_displayed(Administrator_log_in_page_objects.java:129)
	at stepDefinitions.executive.D001_executive_log_in_page.verify_that_super_executive_user_should_get_the_expected_green_tick_in_password_user_field(D001_executive_log_in_page.java:369)
	at ?.verify that executive user should get the expected green tick in password user field in executive log in page(file:///E:/Shield_UI_project/src/test/resources/features/D_Executive/D001_executive_log_in_page.feature:82)
</pre></div><a href='#' onClick='toggleBox("stack-trace1925960133", this, "Click to show all stack frames", "Click to hide stack frames")'>Click to show all stack frames</a>
<div class='stack-trace' id='stack-trace1925960133'><pre>org.openqa.selenium.NoSuchElementException: no such element: Unable to locate element: {&quot;method&quot;:&quot;xpath&quot;,&quot;selector&quot;:&quot;//*[@class=&apos;form-control  form-control is-valid&apos; and @id=&apos;formpassword&apos;]&quot;}
  (Session info: chrome=116.0.5845.111)
For documentation on this error, please visit: https://www.selenium.dev/documentation/webdriver/troubleshooting/errors#no-such-element-exception
Build info: version: &apos;4.11.0&apos;, revision: &apos;040bc5406b&apos;
System info: os.name: &apos;Windows 10&apos;, os.arch: &apos;amd64&apos;, os.version: &apos;10.0&apos;, java.version: &apos;11.0.18&apos;
Driver info: org.openqa.selenium.chrome.ChromeDriver
Command: [f50364c40fe2bf3dc69a08b8b259fe68, findElement {using=xpath, value=//*[@class=&apos;form-control  form-control is-valid&apos; and @id=&apos;formpassword&apos;]}]
Capabilities {acceptInsecureCerts: false, browserName: chrome, browserVersion: 116.0.5845.111, chrome: {chromedriverVersion: 116.0.5845.96 (1a3918166880..., userDataDir: C:\Users\Kishor\AppData\Loc...}, fedcm:accounts: true, goog:chromeOptions: {debuggerAddress: localhost:54507}, networkConnectionEnabled: false, pageLoadStrategy: normal, platformName: windows, proxy: Proxy(), se:cdp: ws://localhost:54507/devtoo..., se:cdpVersion: 116.0.5845.111, setWindowRect: true, strictFileInteractability: false, timeouts: {implicit: 0, pageLoad: 300000, script: 30000}, unhandledPromptBehavior: dismiss and notify, webauthn:extension:credBlob: true, webauthn:extension:largeBlob: true, webauthn:extension:minPinLength: true, webauthn:extension:prf: true, webauthn:virtualAuthenticators: true}
Session ID: f50364c40fe2bf3dc69a08b8b259fe68
	at java.base/jdk.internal.reflect.NativeConstructorAccessorImpl.newInstance0(Native Method)
	at java.base/jdk.internal.reflect.NativeConstructorAccessorImpl.newInstance(NativeConstructorAccessorImpl.java:62)
	at java.base/jdk.internal.reflect.DelegatingConstructorAccessorImpl.newInstance(DelegatingConstructorAccessorImpl.java:45)
	at java.base/java.lang.reflect.Constructor.newInstance(Constructor.java:490)
	at org.openqa.selenium.remote.codec.w3c.W3CHttpResponseCodec.createException(W3CHttpResponseCodec.java:200)
	at org.openqa.selenium.remote.codec.w3c.W3CHttpResponseCodec.decode(W3CHttpResponseCodec.java:133)
	at org.openqa.selenium.remote.codec.w3c.W3CHttpResponseCodec.decode(W3CHttpResponseCodec.java:52)
	at org.openqa.selenium.remote.HttpCommandExecutor.execute(HttpCommandExecutor.java:191)
	at org.openqa.selenium.remote.service.DriverCommandExecutor.invokeExecute(DriverCommandExecutor.java:196)
	at org.openqa.selenium.remote.service.DriverCommandExecutor.execute(DriverCommandExecutor.java:171)
	at org.openqa.selenium.remote.RemoteWebDriver.execute(RemoteWebDriver.java:518)
	at org.openqa.selenium.remote.ElementLocation$ElementFinder$2.findElement(ElementLocation.java:165)
	at org.openqa.selenium.remote.ElementLocation.findElement(ElementLocation.java:59)
	at org.openqa.selenium.remote.RemoteWebDriver.findElement(RemoteWebDriver.java:355)
	at org.openqa.selenium.remote.RemoteWebDriver.findElement(RemoteWebDriver.java:349)
	at org.openqa.selenium.support.pagefactory.DefaultElementLocator.findElement(DefaultElementLocator.java:68)
	at org.openqa.selenium.support.pagefactory.internal.LocatingElementHandler.invoke(LocatingElementHandler.java:38)
	at com.sun.proxy.$Proxy47.isDisplayed(Unknown Source)
	at com.pages.Administrator_log_in_page_objects.administrator_log_in_green_tick_in_password_user_field_is_displayed(Administrator_log_in_page_objects.java:129)
	at stepDefinitions.executive.D001_executive_log_in_page.verify_that_super_executive_user_should_get_the_expected_green_tick_in_password_user_field(D001_executive_log_in_page.java:369)
	at ?.verify that executive user should get the expected green tick in password user field in executive log in page(file:///E:/Shield_UI_project/src/test/resources/features/D_Executive/D001_executive_log_in_page.feature:82)
</pre></div></td>
<td>127</td>
<td>com.testRunnersTestNG.TestNGTestRunner@37313c65</td></tr>
</table><p>
<table width='100%' border='1' class='invocation-passed'>
<tr><td colspan='4' align='center'><b>PASSED TESTS</b></td></tr>
<tr><td><b>Test method</b></td>
<td width="30%"><b>Exception</b></td>
<td width="10%"><b>Time (seconds)</b></td>
<td><b>Instance</b></td>
</tr>
<tr>
<td title='com.testRunnersTestNG.TestNGTestRunner.runScenario()'><b>runScenario</b><br>Test class: com.testRunnersTestNG.TestNGTestRunner<br>Test method: Runs Cucumber Scenarios<br>Parameters: "Validate that password eye button in admin log in page", "Optional[Validate admin log in page functionality]"</td>
<td></td>
<td>5</td>
<td>com.testRunnersTestNG.TestNGTestRunner@37313c65</td></tr>
<tr>
<td title='com.testRunnersTestNG.TestNGTestRunner.runScenario()'><b>runScenario</b><br>Test class: com.testRunnersTestNG.TestNGTestRunner<br>Test method: Runs Cucumber Scenarios<br>Parameters: "Validate that elements are present in executive log in page", "Optional[Validate executive log in page functionality]"</td>
<td></td>
<td>5</td>
<td>com.testRunnersTestNG.TestNGTestRunner@37313c65</td></tr>
<tr>
<td title='com.testRunnersTestNG.TestNGTestRunner.runScenario()'><b>runScenario</b><br>Test class: com.testRunnersTestNG.TestNGTestRunner<br>Test method: Runs Cucumber Scenarios<br>Parameters: "Validate that sign in button functionality in super admin user log in page", "Optional[Validate super admin log in page functionality]"</td>
<td></td>
<td>63</td>
<td>com.testRunnersTestNG.TestNGTestRunner@37313c65</td></tr>
<tr>
<td title='com.testRunnersTestNG.TestNGTestRunner.runScenario()'><b>runScenario</b><br>Test class: com.testRunnersTestNG.TestNGTestRunner<br>Test method: Runs Cucumber Scenarios<br>Parameters: "Validate that email user field in admin log in page", "Optional[Validate admin log in page functionality]"</td>
<td></td>
<td>36</td>
<td>com.testRunnersTestNG.TestNGTestRunner@37313c65</td></tr>
<tr>
<td title='com.testRunnersTestNG.TestNGTestRunner.runScenario()'><b>runScenario</b><br>Test class: com.testRunnersTestNG.TestNGTestRunner<br>Test method: Runs Cucumber Scenarios<br>Parameters: "Validate password user field in admin log in page", "Optional[Validate admin log in page functionality]"</td>
<td></td>
<td>40</td>
<td>com.testRunnersTestNG.TestNGTestRunner@37313c65</td></tr>
<tr>
<td title='com.testRunnersTestNG.TestNGTestRunner.runScenario()'><b>runScenario</b><br>Test class: com.testRunnersTestNG.TestNGTestRunner<br>Test method: Runs Cucumber Scenarios<br>Parameters: "Validate that sign in button functionality in admin user log in page", "Optional[Validate admin log in page functionality]"</td>
<td></td>
<td>60</td>
<td>com.testRunnersTestNG.TestNGTestRunner@37313c65</td></tr>
<tr>
<td title='com.testRunnersTestNG.TestNGTestRunner.runScenario()'><b>runScenario</b><br>Test class: com.testRunnersTestNG.TestNGTestRunner<br>Test method: Runs Cucumber Scenarios<br>Parameters: "Validate that password eye button in super admin log in page", "Optional[Validate super admin log in page functionality]"</td>
<td></td>
<td>5</td>
<td>com.testRunnersTestNG.TestNGTestRunner@37313c65</td></tr>
<tr>
<td title='com.testRunnersTestNG.TestNGTestRunner.runScenario()'><b>runScenario</b><br>Test class: com.testRunnersTestNG.TestNGTestRunner<br>Test method: Runs Cucumber Scenarios<br>Parameters: "Validate that executive log in user should be able to log in into the application with valid credentials", "Optional[Validate executive log in page functionality]"</td>
<td></td>
<td>9</td>
<td>com.testRunnersTestNG.TestNGTestRunner@37313c65</td></tr>
<tr>
<td title='com.testRunnersTestNG.TestNGTestRunner.runScenario()'><b>runScenario</b><br>Test class: com.testRunnersTestNG.TestNGTestRunner<br>Test method: Runs Cucumber Scenarios<br>Parameters: "Validate that email user field in super admin log in page", "Optional[Validate super admin log in page functionality]"</td>
<td></td>
<td>37</td>
<td>com.testRunnersTestNG.TestNGTestRunner@37313c65</td></tr>
<tr>
<td title='com.testRunnersTestNG.TestNGTestRunner.runScenario()'><b>runScenario</b><br>Test class: com.testRunnersTestNG.TestNGTestRunner<br>Test method: Runs Cucumber Scenarios<br>Parameters: "Validate that email user field in executive log in page", "Optional[Validate executive log in page functionality]"</td>
<td></td>
<td>36</td>
<td>com.testRunnersTestNG.TestNGTestRunner@37313c65</td></tr>
<tr>
<td title='com.testRunnersTestNG.TestNGTestRunner.runScenario()'><b>runScenario</b><br>Test class: com.testRunnersTestNG.TestNGTestRunner<br>Test method: Runs Cucumber Scenarios<br>Parameters: "Validate that partner admin should not be able to log in into the application with valid credentials through the super admin log in page", "Optional[Validate super admin log in page functionality]"</td>
<td></td>
<td>7</td>
<td>com.testRunnersTestNG.TestNGTestRunner@37313c65</td></tr>
<tr>
<td title='com.testRunnersTestNG.TestNGTestRunner.runScenario()'><b>runScenario</b><br>Test class: com.testRunnersTestNG.TestNGTestRunner<br>Test method: Runs Cucumber Scenarios<br>Parameters: "Validate that partner executive should not be able to log in into the application with valid credentials through the executive log in page", "Optional[Validate executive log in page functionality]"</td>
<td></td>
<td>7</td>
<td>com.testRunnersTestNG.TestNGTestRunner@37313c65</td></tr>
<tr>
<td title='com.testRunnersTestNG.TestNGTestRunner.runScenario()'><b>runScenario</b><br>Test class: com.testRunnersTestNG.TestNGTestRunner<br>Test method: Runs Cucumber Scenarios<br>Parameters: "Validate that super admin log in user should be able to log in into the application with valid credentials", "Optional[Validate super admin log in page functionality]"</td>
<td></td>
<td>10</td>
<td>com.testRunnersTestNG.TestNGTestRunner@37313c65</td></tr>
<tr>
<td title='com.testRunnersTestNG.TestNGTestRunner.runScenario()'><b>runScenario</b><br>Test class: com.testRunnersTestNG.TestNGTestRunner<br>Test method: Runs Cucumber Scenarios<br>Parameters: "Validate that elements are present in admin log in page", "Optional[Validate admin log in page functionality]"</td>
<td></td>
<td>5</td>
<td>com.testRunnersTestNG.TestNGTestRunner@37313c65</td></tr>
<tr>
<td title='com.testRunnersTestNG.TestNGTestRunner.runScenario()'><b>runScenario</b><br>Test class: com.testRunnersTestNG.TestNGTestRunner<br>Test method: Runs Cucumber Scenarios<br>Parameters: "Validate that elements are present in super admin log in page", "Optional[Validate super admin log in page functionality]"</td>
<td></td>
<td>53</td>
<td>com.testRunnersTestNG.TestNGTestRunner@37313c65</td></tr>
<tr>
<td title='com.testRunnersTestNG.TestNGTestRunner.runScenario()'><b>runScenario</b><br>Test class: com.testRunnersTestNG.TestNGTestRunner<br>Test method: Runs Cucumber Scenarios<br>Parameters: "Validate that password eye button in executive log in page", "Optional[Validate executive log in page functionality]"</td>
<td></td>
<td>5</td>
<td>com.testRunnersTestNG.TestNGTestRunner@37313c65</td></tr>
<tr>
<td title='com.testRunnersTestNG.TestNGTestRunner.runScenario()'><b>runScenario</b><br>Test class: com.testRunnersTestNG.TestNGTestRunner<br>Test method: Runs Cucumber Scenarios<br>Parameters: "Validate password user field in super admin log in page", "Optional[Validate super admin log in page functionality]"</td>
<td></td>
<td>38</td>
<td>com.testRunnersTestNG.TestNGTestRunner@37313c65</td></tr>
<tr>
<td title='com.testRunnersTestNG.TestNGTestRunner.runScenario()'><b>runScenario</b><br>Test class: com.testRunnersTestNG.TestNGTestRunner<br>Test method: Runs Cucumber Scenarios<br>Parameters: "Validate that admin log in user should be able to log in into the application with valid credentials", "Optional[Validate admin log in page functionality]"</td>
<td></td>
<td>9</td>
<td>com.testRunnersTestNG.TestNGTestRunner@37313c65</td></tr>
<tr>
<td title='com.testRunnersTestNG.TestNGTestRunner.runScenario()'><b>runScenario</b><br>Test class: com.testRunnersTestNG.TestNGTestRunner<br>Test method: Runs Cucumber Scenarios<br>Parameters: "Validate that partner admin should not be able to log in into the application with valid credentials through the admin log in page", "Optional[Validate admin log in page functionality]"</td>
<td></td>
<td>8</td>
<td>com.testRunnersTestNG.TestNGTestRunner@37313c65</td></tr>
</table><p>
</body>
</html>